2025-07-10T07:18:21.787+05:30  INFO 19036 --- [restartedMain] com.olive.TaskmanagerApplication         : Starting TaskmanagerApplication using Java 19.0.2 with PID 19036 (C:\Users\itviv\Desktop\project\oliveTrackingSystemBackend\target\classes started by itviv in C:\Users\itviv\Desktop\project\oliveTrackingSystemBackend)
2025-07-10T07:18:21.869+05:30  INFO 19036 --- [restartedMain] com.olive.TaskmanagerApplication         : No active profile set, falling back to 1 default profile: "default"
2025-07-10T07:18:22.302+05:30  INFO 19036 --- [restartedMain] .e.DevToolsPropertyDefaultsPostProcessor : Devtools property defaults active! Set 'spring.devtools.add-properties' to 'false' to disable
2025-07-10T07:18:22.312+05:30  INFO 19036 --- [restartedMain] .e.DevToolsPropertyDefaultsPostProcessor : For additional web related logging consider setting the 'logging.level.web' property to 'DEBUG'
2025-07-10T07:18:26.153+05:30  INFO 19036 --- [restartedMain] .s.d.r.c.RepositoryConfigurationDelegate : Bootstrapping Spring Data JPA repositories in DEFAULT mode.
2025-07-10T07:18:27.321+05:30  INFO 19036 --- [restartedMain] .s.d.r.c.RepositoryConfigurationDelegate : Finished Spring Data repository scanning in 1081 ms. Found 7 JPA repository interfaces.
2025-07-10T07:18:31.812+05:30  INFO 19036 --- [restartedMain] o.s.b.w.embedded.tomcat.TomcatWebServer  : Tomcat initialized with port 8085 (http)
2025-07-10T07:18:31.851+05:30  INFO 19036 --- [restartedMain] o.apache.catalina.core.StandardService   : Starting service [Tomcat]
2025-07-10T07:18:31.853+05:30  INFO 19036 --- [restartedMain] o.apache.catalina.core.StandardEngine    : Starting Servlet engine: [Apache Tomcat/10.1.19]
2025-07-10T07:18:31.992+05:30  INFO 19036 --- [restartedMain] o.a.c.c.C.[Tomcat].[localhost].[/]       : Initializing Spring embedded WebApplicationContext
2025-07-10T07:18:31.994+05:30  INFO 19036 --- [restartedMain] w.s.c.ServletWebServerApplicationContext : Root WebApplicationContext: initialization completed in 9679 ms
2025-07-10T07:18:32.536+05:30  INFO 19036 --- [restartedMain] o.hibernate.jpa.internal.util.LogHelper  : HHH000204: Processing PersistenceUnitInfo [name: default]
2025-07-10T07:18:32.789+05:30  INFO 19036 --- [restartedMain] org.hibernate.Version                    : HHH000412: Hibernate ORM core version 6.4.4.Final
2025-07-10T07:18:32.909+05:30  INFO 19036 --- [restartedMain] o.h.c.internal.RegionFactoryInitiator    : HHH000026: Second-level cache disabled
2025-07-10T07:18:33.731+05:30  INFO 19036 --- [restartedMain] o.s.o.j.p.SpringPersistenceUnitInfo      : No LoadTimeWeaver setup: ignoring JPA class transformer
2025-07-10T07:18:33.830+05:30  INFO 19036 --- [restartedMain] com.zaxxer.hikari.HikariDataSource       : HikariPool-1 - Starting...
2025-07-10T07:18:34.720+05:30  INFO 19036 --- [restartedMain] com.zaxxer.hikari.pool.HikariPool        : HikariPool-1 - Added connection ConnectionID:1 ClientConnectionId: 940529b0-3f57-497b-8898-62bb49f16043
2025-07-10T07:18:34.728+05:30  INFO 19036 --- [restartedMain] com.zaxxer.hikari.HikariDataSource       : HikariPool-1 - Start completed.
2025-07-10T07:18:34.826+05:30  WARN 19036 --- [restartedMain] org.hibernate.orm.deprecation            : HHH90000025: SQLServerDialect does not need to be specified explicitly using 'hibernate.dialect' (remove the property setting and it will be selected by default)
2025-07-10T07:18:37.834+05:30  INFO 19036 --- [restartedMain] o.h.e.t.j.p.i.JtaPlatformInitiator       : HHH000489: No JTA platform available (set 'hibernate.transaction.jta.platform' to enable JTA platform integration)
2025-07-10T07:18:45.470+05:30  INFO 19036 --- [restartedMain] j.LocalContainerEntityManagerFactoryBean : Initialized JPA EntityManagerFactory for persistence unit 'default'
2025-07-10T07:18:46.984+05:30  INFO 19036 --- [restartedMain] o.s.d.j.r.query.QueryEnhancerFactory     : Hibernate is in classpath; If applicable, HQL parser will be used.
2025-07-10T07:18:47.743+05:30  INFO 19036 --- [restartedMain] com.olive.service.FileStorageService     : File storage location initialized to: C:\Users\itviv\Desktop\project\oliveTrackingSystemBackend\uploads
2025-07-10T07:18:47.746+05:30  INFO 19036 --- [restartedMain] com.olive.service.FileStorageService     : Created upload directory: C:\Users\itviv\Desktop\project\oliveTrackingSystemBackend\uploads
2025-07-10T07:18:48.408+05:30  WARN 19036 --- [restartedMain] JpaBaseConfiguration$JpaWebConfiguration : spring.jpa.open-in-view is enabled by default. Therefore, database queries may be performed during view rendering. Explicitly configure spring.jpa.open-in-view to disable this warning
2025-07-10T07:18:49.333+05:30  INFO 19036 --- [restartedMain] o.s.s.web.DefaultSecurityFilterChain     : Will secure any request with [org.springframework.security.web.session.DisableEncodeUrlFilter@6f49731, org.springframework.security.web.context.request.async.WebAsyncManagerIntegrationFilter@450969e5, org.springframework.security.web.context.SecurityContextHolderFilter@372254a7, org.springframework.security.web.header.HeaderWriterFilter@5183cfcf, org.springframework.web.filter.CorsFilter@71778e22, org.springframework.security.web.authentication.logout.LogoutFilter@6f604f8f, com.olive.security.JwtAuthFilter@464ab936, org.springframework.security.web.savedrequest.RequestCacheAwareFilter@29ee41f5, org.springframework.security.web.servletapi.SecurityContextHolderAwareRequestFilter@640e6cdb, org.springframework.security.web.authentication.AnonymousAuthenticationFilter@79ec184d, org.springframework.security.web.session.SessionManagementFilter@19cb606a, org.springframework.security.web.access.ExceptionTranslationFilter@783c51e9, org.springframework.security.web.access.intercept.AuthorizationFilter@233c104a]
2025-07-10T07:18:50.378+05:30  INFO 19036 --- [restartedMain] o.s.b.d.a.OptionalLiveReloadServer       : LiveReload server is running on port 35729
2025-07-10T07:18:50.510+05:30  INFO 19036 --- [restartedMain] o.s.b.w.embedded.tomcat.TomcatWebServer  : Tomcat started on port 8085 (http) with context path ''
2025-07-10T07:18:50.544+05:30  INFO 19036 --- [restartedMain] com.olive.TaskmanagerApplication         : Started TaskmanagerApplication in 31.626 seconds (process running for 34.419)
2025-07-10T07:18:53.382+05:30  INFO 19036 --- [http-nio-8085-exec-3] o.a.c.c.C.[Tomcat].[localhost].[/]       : Initializing Spring DispatcherServlet 'dispatcherServlet'
2025-07-10T07:18:53.385+05:30  INFO 19036 --- [http-nio-8085-exec-3] o.s.web.servlet.DispatcherServlet        : Initializing Servlet 'dispatcherServlet'
2025-07-10T07:18:53.387+05:30  INFO 19036 --- [http-nio-8085-exec-3] o.s.web.servlet.DispatcherServlet        : Completed initialization in 2 ms
2025-07-10T07:18:54.075+05:30  INFO 19036 --- [http-nio-8085-exec-4] c.olive.controller.DashboardController   : Received request for dashboard summary.
2025-07-10T07:18:54.080+05:30  INFO 19036 --- [http-nio-8085-exec-4] com.olive.service.DashboardService       : Generating dashboard summary.
2025-07-10T07:18:54.731+05:30  INFO 19036 --- [http-nio-8085-exec-4] c.olive.controller.DashboardController   : Returning dashboard summary.
2025-07-10T07:19:24.670+05:30  WARN 19036 --- [http-nio-8085-exec-7] c.o.exception.CustomExceptionHandler     : Access Denied: Access Denied
2025-07-10T07:19:24.673+05:30  WARN 19036 --- [http-nio-8085-exec-7] .m.m.a.ExceptionHandlerExceptionResolver : Resolved [org.springframework.security.access.AccessDeniedException: Access Denied]
2025-07-10T07:19:27.183+05:30  WARN 19036 --- [http-nio-8085-exec-1] c.o.exception.CustomExceptionHandler     : Access Denied: Access Denied
2025-07-10T07:19:27.184+05:30  WARN 19036 --- [http-nio-8085-exec-1] .m.m.a.ExceptionHandlerExceptionResolver : Resolved [org.springframework.security.access.AccessDeniedException: Access Denied]
2025-07-10T07:19:35.375+05:30  WARN 19036 --- [http-nio-8085-exec-10] c.o.exception.CustomExceptionHandler     : Access Denied: Access Denied
2025-07-10T07:19:35.376+05:30  WARN 19036 --- [http-nio-8085-exec-10] .m.m.a.ExceptionHandlerExceptionResolver : Resolved [org.springframework.security.access.AccessDeniedException: Access Denied]
2025-07-10T07:19:41.078+05:30  WARN 19036 --- [http-nio-8085-exec-3] c.o.exception.CustomExceptionHandler     : Access Denied: Access Denied
2025-07-10T07:19:41.080+05:30  WARN 19036 --- [http-nio-8085-exec-3] .m.m.a.ExceptionHandlerExceptionResolver : Resolved [org.springframework.security.access.AccessDeniedException: Access Denied]
2025-07-10T07:20:55.905+05:30  INFO 19036 --- [http-nio-8085-exec-5] com.olive.controller.AuthController      : Received sign-in request for email: shabeer@olivecrypto.com
2025-07-10T07:20:56.198+05:30  INFO 19036 --- [http-nio-8085-exec-7] c.olive.controller.DashboardController   : Received request for dashboard summary.
2025-07-10T07:20:56.198+05:30  INFO 19036 --- [http-nio-8085-exec-7] com.olive.service.DashboardService       : Generating dashboard summary.
2025-07-10T07:20:56.290+05:30  INFO 19036 --- [http-nio-8085-exec-7] c.olive.controller.DashboardController   : Returning dashboard summary.
2025-07-10T07:21:21.907+05:30  INFO 19036 --- [http-nio-8085-exec-8] c.olive.controller.DashboardController   : Received request for dashboard summary.
2025-07-10T07:21:21.908+05:30  INFO 19036 --- [http-nio-8085-exec-8] com.olive.service.DashboardService       : Generating dashboard summary.
2025-07-10T07:21:21.977+05:30  INFO 19036 --- [http-nio-8085-exec-8] c.olive.controller.DashboardController   : Returning dashboard summary.
2025-07-10T07:21:36.032+05:30  INFO 19036 --- [http-nio-8085-exec-1] c.olive.controller.DashboardController   : Received request for dashboard summary.
2025-07-10T07:21:36.032+05:30  INFO 19036 --- [http-nio-8085-exec-1] com.olive.service.DashboardService       : Generating dashboard summary.
2025-07-10T07:21:36.097+05:30  INFO 19036 --- [http-nio-8085-exec-1] c.olive.controller.DashboardController   : Returning dashboard summary.
2025-07-10T07:21:47.189+05:30  INFO 19036 --- [http-nio-8085-exec-2] com.olive.controller.AuthController      : Received sign-in request for email: shabeer@olivecrypto.com
2025-07-10T07:21:47.460+05:30  INFO 19036 --- [http-nio-8085-exec-9] c.olive.controller.DashboardController   : Received request for dashboard summary.
2025-07-10T07:21:47.460+05:30  INFO 19036 --- [http-nio-8085-exec-9] com.olive.service.DashboardService       : Generating dashboard summary.
2025-07-10T07:21:47.531+05:30  INFO 19036 --- [http-nio-8085-exec-9] c.olive.controller.DashboardController   : Returning dashboard summary.
2025-07-10T07:22:09.632+05:30  INFO 19036 --- [http-nio-8085-exec-10] com.olive.controller.AuthController      : Received sign-in request for email: vivekkumar.rapaka@olivecrypto.com
2025-07-10T07:22:09.954+05:30  INFO 19036 --- [http-nio-8085-exec-3] c.olive.controller.DashboardController   : Received request for dashboard summary.
2025-07-10T07:22:09.961+05:30  INFO 19036 --- [http-nio-8085-exec-3] com.olive.service.DashboardService       : Generating dashboard summary.
2025-07-10T07:22:10.312+05:30  INFO 19036 --- [http-nio-8085-exec-3] c.olive.controller.DashboardController   : Returning dashboard summary.
2025-07-10T07:22:17.822+05:30  WARN 19036 --- [http-nio-8085-exec-6] c.o.exception.CustomExceptionHandler     : Access Denied: Access Denied
2025-07-10T07:22:17.891+05:30  WARN 19036 --- [http-nio-8085-exec-6] .m.m.a.ExceptionHandlerExceptionResolver : Resolved [org.springframework.security.access.AccessDeniedException: Access Denied]
2025-07-10T07:22:28.760+05:30  WARN 19036 --- [http-nio-8085-exec-5] c.o.exception.CustomExceptionHandler     : Access Denied: Access Denied
2025-07-10T07:22:28.760+05:30  WARN 19036 --- [http-nio-8085-exec-5] .m.m.a.ExceptionHandlerExceptionResolver : Resolved [org.springframework.security.access.AccessDeniedException: Access Denied]
2025-07-10T07:22:33.251+05:30  WARN 19036 --- [http-nio-8085-exec-7] c.o.exception.CustomExceptionHandler     : Access Denied: Access Denied
2025-07-10T07:22:33.251+05:30  WARN 19036 --- [http-nio-8085-exec-7] .m.m.a.ExceptionHandlerExceptionResolver : Resolved [org.springframework.security.access.AccessDeniedException: Access Denied]
2025-07-10T07:22:41.152+05:30  WARN 19036 --- [http-nio-8085-exec-8] c.o.exception.CustomExceptionHandler     : Access Denied: Access Denied
2025-07-10T07:22:41.152+05:30  WARN 19036 --- [http-nio-8085-exec-8] .m.m.a.ExceptionHandlerExceptionResolver : Resolved [org.springframework.security.access.AccessDeniedException: Access Denied]
2025-07-10T07:22:46.506+05:30  INFO 19036 --- [http-nio-8085-exec-1] c.olive.controller.DashboardController   : Received request for dashboard summary.
2025-07-10T07:22:46.506+05:30  INFO 19036 --- [http-nio-8085-exec-1] com.olive.service.DashboardService       : Generating dashboard summary.
2025-07-10T07:22:46.612+05:30  INFO 19036 --- [http-nio-8085-exec-1] c.olive.controller.DashboardController   : Returning dashboard summary.
2025-07-10T07:22:50.091+05:30  WARN 19036 --- [http-nio-8085-exec-2] c.o.exception.CustomExceptionHandler     : Access Denied: Access Denied
2025-07-10T07:22:50.100+05:30  WARN 19036 --- [http-nio-8085-exec-2] .m.m.a.ExceptionHandlerExceptionResolver : Resolved [org.springframework.security.access.AccessDeniedException: Access Denied]
2025-07-10T07:22:55.898+05:30  WARN 19036 --- [http-nio-8085-exec-10] c.o.exception.CustomExceptionHandler     : Access Denied: Access Denied
2025-07-10T07:22:55.898+05:30  WARN 19036 --- [http-nio-8085-exec-10] .m.m.a.ExceptionHandlerExceptionResolver : Resolved [org.springframework.security.access.AccessDeniedException: Access Denied]
2025-07-10T07:23:01.768+05:30  WARN 19036 --- [http-nio-8085-exec-3] c.o.exception.CustomExceptionHandler     : Access Denied: Access Denied
2025-07-10T07:23:01.768+05:30  WARN 19036 --- [http-nio-8085-exec-3] .m.m.a.ExceptionHandlerExceptionResolver : Resolved [org.springframework.security.access.AccessDeniedException: Access Denied]
2025-07-10T07:23:09.110+05:30  WARN 19036 --- [http-nio-8085-exec-6] c.o.exception.CustomExceptionHandler     : Access Denied: Access Denied
2025-07-10T07:23:09.110+05:30  WARN 19036 --- [http-nio-8085-exec-6] .m.m.a.ExceptionHandlerExceptionResolver : Resolved [org.springframework.security.access.AccessDeniedException: Access Denied]
2025-07-10T07:25:48.649+05:30  WARN 19036 --- [http-nio-8085-exec-8] c.o.exception.CustomExceptionHandler     : Access Denied: Access Denied
2025-07-10T07:25:48.650+05:30  WARN 19036 --- [http-nio-8085-exec-8] .m.m.a.ExceptionHandlerExceptionResolver : Resolved [org.springframework.security.access.AccessDeniedException: Access Denied]
2025-07-10T07:25:51.555+05:30  WARN 19036 --- [http-nio-8085-exec-1] c.o.exception.CustomExceptionHandler     : Access Denied: Access Denied
2025-07-10T07:25:51.557+05:30  WARN 19036 --- [http-nio-8085-exec-1] .m.m.a.ExceptionHandlerExceptionResolver : Resolved [org.springframework.security.access.AccessDeniedException: Access Denied]
2025-07-10T07:25:55.070+05:30  WARN 19036 --- [http-nio-8085-exec-2] c.o.exception.CustomExceptionHandler     : Access Denied: Access Denied
2025-07-10T07:25:55.071+05:30  WARN 19036 --- [http-nio-8085-exec-2] .m.m.a.ExceptionHandlerExceptionResolver : Resolved [org.springframework.security.access.AccessDeniedException: Access Denied]
2025-07-10T07:26:03.309+05:30  WARN 19036 --- [http-nio-8085-exec-9] c.o.exception.CustomExceptionHandler     : Access Denied: Access Denied
2025-07-10T07:26:03.310+05:30  WARN 19036 --- [http-nio-8085-exec-9] .m.m.a.ExceptionHandlerExceptionResolver : Resolved [org.springframework.security.access.AccessDeniedException: Access Denied]
2025-07-10T07:26:35.949+05:30  WARN 19036 --- [http-nio-8085-exec-3] c.o.exception.CustomExceptionHandler     : Access Denied: Access Denied
2025-07-10T07:26:35.951+05:30  WARN 19036 --- [http-nio-8085-exec-3] .m.m.a.ExceptionHandlerExceptionResolver : Resolved [org.springframework.security.access.AccessDeniedException: Access Denied]
2025-07-10T07:26:38.838+05:30  WARN 19036 --- [http-nio-8085-exec-6] c.o.exception.CustomExceptionHandler     : Access Denied: Access Denied
2025-07-10T07:26:38.840+05:30  WARN 19036 --- [http-nio-8085-exec-6] .m.m.a.ExceptionHandlerExceptionResolver : Resolved [org.springframework.security.access.AccessDeniedException: Access Denied]
2025-07-10T07:26:42.615+05:30  WARN 19036 --- [http-nio-8085-exec-4] c.o.exception.CustomExceptionHandler     : Access Denied: Access Denied
2025-07-10T07:26:42.616+05:30  WARN 19036 --- [http-nio-8085-exec-4] .m.m.a.ExceptionHandlerExceptionResolver : Resolved [org.springframework.security.access.AccessDeniedException: Access Denied]
2025-07-10T07:27:14.069+05:30  WARN 19036 --- [http-nio-8085-exec-8] c.o.exception.CustomExceptionHandler     : Access Denied: Access Denied
2025-07-10T07:27:14.071+05:30  WARN 19036 --- [http-nio-8085-exec-8] .m.m.a.ExceptionHandlerExceptionResolver : Resolved [org.springframework.security.access.AccessDeniedException: Access Denied]
2025-07-10T07:27:17.917+05:30  INFO 19036 --- [http-nio-8085-exec-7] c.olive.controller.DashboardController   : Received request for dashboard summary.
2025-07-10T07:27:17.917+05:30  INFO 19036 --- [http-nio-8085-exec-7] com.olive.service.DashboardService       : Generating dashboard summary.
2025-07-10T07:27:17.984+05:30  INFO 19036 --- [http-nio-8085-exec-7] c.olive.controller.DashboardController   : Returning dashboard summary.
2025-07-10T07:27:20.207+05:30  WARN 19036 --- [http-nio-8085-exec-1] c.o.exception.CustomExceptionHandler     : Access Denied: Access Denied
2025-07-10T07:27:20.208+05:30  WARN 19036 --- [http-nio-8085-exec-1] .m.m.a.ExceptionHandlerExceptionResolver : Resolved [org.springframework.security.access.AccessDeniedException: Access Denied]
2025-07-10T07:27:22.805+05:30  WARN 19036 --- [http-nio-8085-exec-2] c.o.exception.CustomExceptionHandler     : Access Denied: Access Denied
2025-07-10T07:27:22.807+05:30  WARN 19036 --- [http-nio-8085-exec-2] .m.m.a.ExceptionHandlerExceptionResolver : Resolved [org.springframework.security.access.AccessDeniedException: Access Denied]
2025-07-10T07:27:43.278+05:30  WARN 19036 --- [http-nio-8085-exec-3] c.o.exception.CustomExceptionHandler     : Access Denied: Access Denied
2025-07-10T07:27:43.279+05:30  WARN 19036 --- [http-nio-8085-exec-3] .m.m.a.ExceptionHandlerExceptionResolver : Resolved [org.springframework.security.access.AccessDeniedException: Access Denied]
2025-07-10T07:28:37.272+05:30  INFO 19036 --- [http-nio-8085-exec-10] c.olive.controller.DashboardController   : Received request for dashboard summary.
2025-07-10T07:28:37.273+05:30  INFO 19036 --- [http-nio-8085-exec-10] com.olive.service.DashboardService       : Generating dashboard summary.
2025-07-10T07:28:37.385+05:30  INFO 19036 --- [http-nio-8085-exec-10] c.olive.controller.DashboardController   : Returning dashboard summary.
2025-07-10T07:28:39.035+05:30  WARN 19036 --- [http-nio-8085-exec-6] c.o.exception.CustomExceptionHandler     : Access Denied: Access Denied
2025-07-10T07:28:39.036+05:30  WARN 19036 --- [http-nio-8085-exec-6] .m.m.a.ExceptionHandlerExceptionResolver : Resolved [org.springframework.security.access.AccessDeniedException: Access Denied]
2025-07-10T07:28:43.295+05:30  WARN 19036 --- [http-nio-8085-exec-4] c.o.exception.CustomExceptionHandler     : Access Denied: Access Denied
2025-07-10T07:28:43.296+05:30  WARN 19036 --- [http-nio-8085-exec-4] .m.m.a.ExceptionHandlerExceptionResolver : Resolved [org.springframework.security.access.AccessDeniedException: Access Denied]
2025-07-10T07:29:59.122+05:30  WARN 19036 --- [http-nio-8085-exec-1] c.o.exception.CustomExceptionHandler     : Access Denied: Access Denied
2025-07-10T07:29:59.125+05:30  WARN 19036 --- [http-nio-8085-exec-1] .m.m.a.ExceptionHandlerExceptionResolver : Resolved [org.springframework.security.access.AccessDeniedException: Access Denied]
2025-07-10T07:30:05.124+05:30  WARN 19036 --- [http-nio-8085-exec-2] c.o.exception.CustomExceptionHandler     : Access Denied: Access Denied
2025-07-10T07:30:05.125+05:30  WARN 19036 --- [http-nio-8085-exec-2] .m.m.a.ExceptionHandlerExceptionResolver : Resolved [org.springframework.security.access.AccessDeniedException: Access Denied]
2025-07-10T07:30:17.366+05:30  INFO 19036 --- [http-nio-8085-exec-3] c.olive.controller.DashboardController   : Received request for dashboard summary.
2025-07-10T07:30:17.366+05:30  INFO 19036 --- [http-nio-8085-exec-3] com.olive.service.DashboardService       : Generating dashboard summary.
2025-07-10T07:30:17.470+05:30  INFO 19036 --- [http-nio-8085-exec-3] c.olive.controller.DashboardController   : Returning dashboard summary.
2025-07-10T07:30:21.097+05:30  WARN 19036 --- [http-nio-8085-exec-10] c.o.exception.CustomExceptionHandler     : Access Denied: Access Denied
2025-07-10T07:30:21.099+05:30  WARN 19036 --- [http-nio-8085-exec-10] .m.m.a.ExceptionHandlerExceptionResolver : Resolved [org.springframework.security.access.AccessDeniedException: Access Denied]
2025-07-10T07:30:23.762+05:30  WARN 19036 --- [http-nio-8085-exec-6] c.o.exception.CustomExceptionHandler     : Access Denied: Access Denied
2025-07-10T07:30:23.766+05:30  WARN 19036 --- [http-nio-8085-exec-6] .m.m.a.ExceptionHandlerExceptionResolver : Resolved [org.springframework.security.access.AccessDeniedException: Access Denied]
2025-07-10T07:30:27.375+05:30  WARN 19036 --- [http-nio-8085-exec-4] c.o.exception.CustomExceptionHandler     : Access Denied: Access Denied
2025-07-10T07:30:27.379+05:30  WARN 19036 --- [http-nio-8085-exec-4] .m.m.a.ExceptionHandlerExceptionResolver : Resolved [org.springframework.security.access.AccessDeniedException: Access Denied]
2025-07-10T07:30:56.524+05:30  WARN 19036 --- [http-nio-8085-exec-5] c.o.exception.CustomExceptionHandler     : Access Denied: Access Denied
2025-07-10T07:30:56.525+05:30  WARN 19036 --- [http-nio-8085-exec-5] .m.m.a.ExceptionHandlerExceptionResolver : Resolved [org.springframework.security.access.AccessDeniedException: Access Denied]
2025-07-10T07:31:08.105+05:30  WARN 19036 --- [http-nio-8085-exec-7] c.o.exception.CustomExceptionHandler     : Access Denied: Access Denied
2025-07-10T07:31:08.107+05:30  WARN 19036 --- [http-nio-8085-exec-7] .m.m.a.ExceptionHandlerExceptionResolver : Resolved [org.springframework.security.access.AccessDeniedException: Access Denied]
2025-07-10T07:31:10.567+05:30  WARN 19036 --- [http-nio-8085-exec-2] c.o.exception.CustomExceptionHandler     : Access Denied: Access Denied
2025-07-10T07:31:10.568+05:30  WARN 19036 --- [http-nio-8085-exec-2] .m.m.a.ExceptionHandlerExceptionResolver : Resolved [org.springframework.security.access.AccessDeniedException: Access Denied]
2025-07-10T07:31:18.319+05:30  WARN 19036 --- [http-nio-8085-exec-3] c.o.exception.CustomExceptionHandler     : Access Denied: Access Denied
2025-07-10T07:31:18.320+05:30  WARN 19036 --- [http-nio-8085-exec-3] .m.m.a.ExceptionHandlerExceptionResolver : Resolved [org.springframework.security.access.AccessDeniedException: Access Denied]
2025-07-10T07:31:23.711+05:30  WARN 19036 --- [http-nio-8085-exec-10] c.o.exception.CustomExceptionHandler     : Access Denied: Access Denied
2025-07-10T07:31:23.712+05:30  WARN 19036 --- [http-nio-8085-exec-10] .m.m.a.ExceptionHandlerExceptionResolver : Resolved [org.springframework.security.access.AccessDeniedException: Access Denied]
2025-07-10T07:31:32.419+05:30  INFO 19036 --- [http-nio-8085-exec-6] com.olive.service.TeammateService        : Teammate 'srihari' availability changed to: Occupied
2025-07-10T07:31:38.994+05:30  WARN 19036 --- [http-nio-8085-exec-8] c.o.exception.CustomExceptionHandler     : Access Denied: Access Denied
2025-07-10T07:31:38.996+05:30  WARN 19036 --- [http-nio-8085-exec-8] .m.m.a.ExceptionHandlerExceptionResolver : Resolved [org.springframework.security.access.AccessDeniedException: Access Denied]
2025-07-10T07:31:41.440+05:30  WARN 19036 --- [http-nio-8085-exec-7] c.o.exception.CustomExceptionHandler     : Access Denied: Access Denied
2025-07-10T07:31:41.441+05:30  WARN 19036 --- [http-nio-8085-exec-7] .m.m.a.ExceptionHandlerExceptionResolver : Resolved [org.springframework.security.access.AccessDeniedException: Access Denied]
2025-07-10T07:31:44.892+05:30  WARN 19036 --- [http-nio-8085-exec-1] c.o.exception.CustomExceptionHandler     : Access Denied: Access Denied
2025-07-10T07:31:44.894+05:30  WARN 19036 --- [http-nio-8085-exec-1] .m.m.a.ExceptionHandlerExceptionResolver : Resolved [org.springframework.security.access.AccessDeniedException: Access Denied]
2025-07-10T07:31:50.346+05:30  WARN 19036 --- [http-nio-8085-exec-2] c.o.exception.CustomExceptionHandler     : Access Denied: Access Denied
2025-07-10T07:31:50.347+05:30  WARN 19036 --- [http-nio-8085-exec-2] .m.m.a.ExceptionHandlerExceptionResolver : Resolved [org.springframework.security.access.AccessDeniedException: Access Denied]
2025-07-10T07:31:59.033+05:30  WARN 19036 --- [http-nio-8085-exec-9] c.o.exception.CustomExceptionHandler     : Access Denied: Access Denied
2025-07-10T07:31:59.034+05:30  WARN 19036 --- [http-nio-8085-exec-9] .m.m.a.ExceptionHandlerExceptionResolver : Resolved [org.springframework.security.access.AccessDeniedException: Access Denied]
2025-07-10T07:32:02.475+05:30  WARN 19036 --- [http-nio-8085-exec-6] c.o.exception.CustomExceptionHandler     : Access Denied: Access Denied
2025-07-10T07:32:02.477+05:30  WARN 19036 --- [http-nio-8085-exec-6] .m.m.a.ExceptionHandlerExceptionResolver : Resolved [org.springframework.security.access.AccessDeniedException: Access Denied]
2025-07-10T07:32:06.143+05:30  WARN 19036 --- [http-nio-8085-exec-4] c.o.exception.CustomExceptionHandler     : Access Denied: Access Denied
2025-07-10T07:32:06.143+05:30  WARN 19036 --- [http-nio-8085-exec-4] .m.m.a.ExceptionHandlerExceptionResolver : Resolved [org.springframework.security.access.AccessDeniedException: Access Denied]
2025-07-10T07:32:11.418+05:30  WARN 19036 --- [http-nio-8085-exec-8] c.o.exception.CustomExceptionHandler     : Access Denied: Access Denied
2025-07-10T07:32:11.420+05:30  WARN 19036 --- [http-nio-8085-exec-8] .m.m.a.ExceptionHandlerExceptionResolver : Resolved [org.springframework.security.access.AccessDeniedException: Access Denied]
2025-07-10T07:32:28.940+05:30  INFO 19036 --- [http-nio-8085-exec-7] c.olive.controller.DashboardController   : Received request for dashboard summary.
2025-07-10T07:32:28.940+05:30  INFO 19036 --- [http-nio-8085-exec-7] com.olive.service.DashboardService       : Generating dashboard summary.
2025-07-10T07:32:29.010+05:30  INFO 19036 --- [http-nio-8085-exec-7] c.olive.controller.DashboardController   : Returning dashboard summary.
2025-07-10T07:32:29.719+05:30  WARN 19036 --- [http-nio-8085-exec-2] c.o.exception.CustomExceptionHandler     : Access Denied: Access Denied
2025-07-10T07:32:29.721+05:30  WARN 19036 --- [http-nio-8085-exec-2] .m.m.a.ExceptionHandlerExceptionResolver : Resolved [org.springframework.security.access.AccessDeniedException: Access Denied]
2025-07-10T07:32:51.586+05:30  WARN 19036 --- [http-nio-8085-exec-10] c.o.exception.CustomExceptionHandler     : Access Denied: Access Denied
2025-07-10T07:32:51.590+05:30  WARN 19036 --- [http-nio-8085-exec-10] .m.m.a.ExceptionHandlerExceptionResolver : Resolved [org.springframework.security.access.AccessDeniedException: Access Denied]
2025-07-10T07:32:52.644+05:30  WARN 19036 --- [http-nio-8085-exec-9] c.o.exception.CustomExceptionHandler     : Access Denied: Access Denied
2025-07-10T07:32:52.645+05:30  WARN 19036 --- [http-nio-8085-exec-9] .m.m.a.ExceptionHandlerExceptionResolver : Resolved [org.springframework.security.access.AccessDeniedException: Access Denied]
2025-07-10T07:32:53.426+05:30  INFO 19036 --- [http-nio-8085-exec-6] c.olive.controller.DashboardController   : Received request for dashboard summary.
2025-07-10T07:32:53.427+05:30  INFO 19036 --- [http-nio-8085-exec-6] com.olive.service.DashboardService       : Generating dashboard summary.
2025-07-10T07:32:53.509+05:30  INFO 19036 --- [http-nio-8085-exec-6] c.olive.controller.DashboardController   : Returning dashboard summary.
2025-07-10T07:32:54.708+05:30  WARN 19036 --- [http-nio-8085-exec-4] c.o.exception.CustomExceptionHandler     : Access Denied: Access Denied
2025-07-10T07:32:54.709+05:30  WARN 19036 --- [http-nio-8085-exec-4] .m.m.a.ExceptionHandlerExceptionResolver : Resolved [org.springframework.security.access.AccessDeniedException: Access Denied]
2025-07-10T07:32:58.756+05:30  WARN 19036 --- [http-nio-8085-exec-5] c.o.exception.CustomExceptionHandler     : Access Denied: Access Denied
2025-07-10T07:32:58.757+05:30  WARN 19036 --- [http-nio-8085-exec-5] .m.m.a.ExceptionHandlerExceptionResolver : Resolved [org.springframework.security.access.AccessDeniedException: Access Denied]
2025-07-10T07:33:47.394+05:30  INFO 19036 --- [http-nio-8085-exec-10] com.olive.controller.AuthController      : Received sign-in request for email: shabeer@olivecrypto.com
2025-07-10T07:33:47.521+05:30  INFO 19036 --- [http-nio-8085-exec-3] c.olive.controller.DashboardController   : Received request for dashboard summary.
2025-07-10T07:33:47.521+05:30  INFO 19036 --- [http-nio-8085-exec-3] com.olive.service.DashboardService       : Generating dashboard summary.
2025-07-10T07:33:47.581+05:30  INFO 19036 --- [http-nio-8085-exec-3] c.olive.controller.DashboardController   : Returning dashboard summary.
2025-07-10T07:35:15.778+05:30  INFO 19036 --- [http-nio-8085-exec-6] com.olive.controller.AuthController      : Received sign-up request for email: mahesh@olivecrypto.com
2025-07-10T07:35:33.393+05:30  INFO 19036 --- [http-nio-8085-exec-4] com.olive.controller.AuthController      : Received sign-up request for email: kumarraju@olivecrypto.com
2025-07-10T07:35:51.066+05:30  INFO 19036 --- [http-nio-8085-exec-5] com.olive.controller.AuthController      : Received sign-in request for email: navya@olivecrypto.com
2025-07-10T07:35:51.211+05:30  WARN 19036 --- [http-nio-8085-exec-8] c.o.exception.CustomExceptionHandler     : Access Denied: Access Denied
2025-07-10T07:35:51.213+05:30  WARN 19036 --- [http-nio-8085-exec-8] .m.m.a.ExceptionHandlerExceptionResolver : Resolved [org.springframework.security.access.AccessDeniedException: Access Denied]
2025-07-10T07:35:52.245+05:30  WARN 19036 --- [http-nio-8085-exec-7] c.o.exception.CustomExceptionHandler     : Access Denied: Access Denied
2025-07-10T07:35:52.247+05:30  WARN 19036 --- [http-nio-8085-exec-7] .m.m.a.ExceptionHandlerExceptionResolver : Resolved [org.springframework.security.access.AccessDeniedException: Access Denied]
2025-07-10T07:35:54.270+05:30  WARN 19036 --- [http-nio-8085-exec-2] c.o.exception.CustomExceptionHandler     : Access Denied: Access Denied
2025-07-10T07:35:54.271+05:30  WARN 19036 --- [http-nio-8085-exec-2] .m.m.a.ExceptionHandlerExceptionResolver : Resolved [org.springframework.security.access.AccessDeniedException: Access Denied]
2025-07-10T07:35:54.733+05:30  WARN 19036 --- [http-nio-8085-exec-6] c.o.exception.CustomExceptionHandler     : Access Denied: Access Denied
2025-07-10T07:35:54.733+05:30  WARN 19036 --- [http-nio-8085-exec-4] c.o.exception.CustomExceptionHandler     : Access Denied: Access Denied
2025-07-10T07:35:54.734+05:30  WARN 19036 --- [http-nio-8085-exec-6] .m.m.a.ExceptionHandlerExceptionResolver : Resolved [org.springframework.security.access.AccessDeniedException: Access Denied]
2025-07-10T07:35:54.734+05:30  WARN 19036 --- [http-nio-8085-exec-4] .m.m.a.ExceptionHandlerExceptionResolver : Resolved [org.springframework.security.access.AccessDeniedException: Access Denied]
2025-07-10T07:35:55.768+05:30  WARN 19036 --- [http-nio-8085-exec-5] c.o.exception.CustomExceptionHandler     : Access Denied: Access Denied
2025-07-10T07:35:55.768+05:30  WARN 19036 --- [http-nio-8085-exec-8] c.o.exception.CustomExceptionHandler     : Access Denied: Access Denied
2025-07-10T07:35:55.770+05:30  WARN 19036 --- [http-nio-8085-exec-5] .m.m.a.ExceptionHandlerExceptionResolver : Resolved [org.springframework.security.access.AccessDeniedException: Access Denied]
2025-07-10T07:35:55.770+05:30  WARN 19036 --- [http-nio-8085-exec-8] .m.m.a.ExceptionHandlerExceptionResolver : Resolved [org.springframework.security.access.AccessDeniedException: Access Denied]
2025-07-10T07:35:57.792+05:30  WARN 19036 --- [http-nio-8085-exec-7] c.o.exception.CustomExceptionHandler     : Access Denied: Access Denied
2025-07-10T07:35:57.793+05:30  WARN 19036 --- [http-nio-8085-exec-2] c.o.exception.CustomExceptionHandler     : Access Denied: Access Denied
2025-07-10T07:35:57.794+05:30  WARN 19036 --- [http-nio-8085-exec-7] .m.m.a.ExceptionHandlerExceptionResolver : Resolved [org.springframework.security.access.AccessDeniedException: Access Denied]
2025-07-10T07:35:57.794+05:30  WARN 19036 --- [http-nio-8085-exec-2] .m.m.a.ExceptionHandlerExceptionResolver : Resolved [org.springframework.security.access.AccessDeniedException: Access Denied]
2025-07-10T07:36:01.821+05:30  WARN 19036 --- [http-nio-8085-exec-3] c.o.exception.CustomExceptionHandler     : Access Denied: Access Denied
2025-07-10T07:36:01.821+05:30  WARN 19036 --- [http-nio-8085-exec-1] c.o.exception.CustomExceptionHandler     : Access Denied: Access Denied
2025-07-10T07:36:01.823+05:30  WARN 19036 --- [http-nio-8085-exec-3] .m.m.a.ExceptionHandlerExceptionResolver : Resolved [org.springframework.security.access.AccessDeniedException: Access Denied]
2025-07-10T07:36:01.823+05:30  WARN 19036 --- [http-nio-8085-exec-1] .m.m.a.ExceptionHandlerExceptionResolver : Resolved [org.springframework.security.access.AccessDeniedException: Access Denied]
2025-07-10T07:36:27.897+05:30  INFO 19036 --- [http-nio-8085-exec-10] com.olive.controller.AuthController      : Received sign-in request for email: admin@olivecrypto.com
2025-07-10T07:36:28.047+05:30  INFO 19036 --- [http-nio-8085-exec-6] c.olive.controller.DashboardController   : Received request for dashboard summary.
2025-07-10T07:36:28.048+05:30  INFO 19036 --- [http-nio-8085-exec-6] com.olive.service.DashboardService       : Generating dashboard summary.
2025-07-10T07:36:28.123+05:30  INFO 19036 --- [http-nio-8085-exec-6] c.olive.controller.DashboardController   : Returning dashboard summary.
2025-07-10T07:36:31.049+05:30  INFO 19036 --- [http-nio-8085-exec-9] com.olive.controller.ProjectController   : Received request to get all projects.
2025-07-10T07:36:31.050+05:30  INFO 19036 --- [http-nio-8085-exec-9] com.olive.service.ProjectService         : Fetching all projects.
2025-07-10T07:36:31.055+05:30  INFO 19036 --- [http-nio-8085-exec-9] com.olive.controller.ProjectController   : response sending to get all projects.com.olive.dto.ProjectResponse@7140af38
2025-07-10T07:37:44.027+05:30  INFO 19036 --- [http-nio-8085-exec-1] com.olive.controller.ProjectController   : Received request to get all projects.
2025-07-10T07:37:44.028+05:30  INFO 19036 --- [http-nio-8085-exec-1] com.olive.service.ProjectService         : Fetching all projects.
2025-07-10T07:37:44.035+05:30  INFO 19036 --- [http-nio-8085-exec-1] com.olive.controller.ProjectController   : response sending to get all projects.com.olive.dto.ProjectResponse@1f9a7231
2025-07-10T07:37:51.866+05:30  INFO 19036 --- [http-nio-8085-exec-5] com.olive.controller.ProjectController   : Received request to get all projects.
2025-07-10T07:37:51.866+05:30  INFO 19036 --- [http-nio-8085-exec-5] com.olive.service.ProjectService         : Fetching all projects.
2025-07-10T07:37:51.876+05:30  INFO 19036 --- [http-nio-8085-exec-5] com.olive.controller.ProjectController   : response sending to get all projects.com.olive.dto.ProjectResponse@3345dbaa
2025-07-10T07:38:20.766+05:30  INFO 19036 --- [http-nio-8085-exec-8] com.olive.controller.ProjectController   : Received request to get all projects.
2025-07-10T07:38:20.767+05:30  INFO 19036 --- [http-nio-8085-exec-8] com.olive.service.ProjectService         : Fetching all projects.
2025-07-10T07:38:20.775+05:30  INFO 19036 --- [http-nio-8085-exec-8] com.olive.controller.ProjectController   : response sending to get all projects.com.olive.dto.ProjectResponse@3e752fe2
2025-07-10T07:38:24.762+05:30  INFO 19036 --- [http-nio-8085-exec-1] com.olive.controller.ProjectController   : Received request to get all projects.
2025-07-10T07:38:24.763+05:30  INFO 19036 --- [http-nio-8085-exec-1] com.olive.service.ProjectService         : Fetching all projects.
2025-07-10T07:38:24.769+05:30  INFO 19036 --- [http-nio-8085-exec-1] com.olive.controller.ProjectController   : response sending to get all projects.com.olive.dto.ProjectResponse@57aff4e9
2025-07-10T07:39:08.115+05:30  INFO 19036 --- [http-nio-8085-exec-5] com.olive.controller.ProjectController   : Received request to get all projects.
2025-07-10T07:39:08.116+05:30  INFO 19036 --- [http-nio-8085-exec-5] com.olive.service.ProjectService         : Fetching all projects.
2025-07-10T07:39:08.126+05:30  INFO 19036 --- [http-nio-8085-exec-5] com.olive.controller.ProjectController   : response sending to get all projects.com.olive.dto.ProjectResponse@2bb121f1
2025-07-10T07:39:22.428+05:30  INFO 19036 --- [http-nio-8085-exec-8] com.olive.controller.ProjectController   : Received request to get all projects.
2025-07-10T07:39:22.428+05:30  INFO 19036 --- [http-nio-8085-exec-8] com.olive.service.ProjectService         : Fetching all projects.
2025-07-10T07:39:22.431+05:30  INFO 19036 --- [http-nio-8085-exec-8] com.olive.controller.ProjectController   : response sending to get all projects.com.olive.dto.ProjectResponse@6336f2d0
2025-07-10T07:40:38.813+05:30  INFO 19036 --- [http-nio-8085-exec-9] com.olive.controller.ProjectController   : Received request to get all projects.
2025-07-10T07:40:38.814+05:30  INFO 19036 --- [http-nio-8085-exec-9] com.olive.service.ProjectService         : Fetching all projects.
2025-07-10T07:40:38.831+05:30  INFO 19036 --- [http-nio-8085-exec-9] com.olive.controller.ProjectController   : response sending to get all projects.com.olive.dto.ProjectResponse@7d4c8b0a
2025-07-10T07:40:45.757+05:30  INFO 19036 --- [http-nio-8085-exec-7] com.olive.controller.ProjectController   : Received request to get all projects.
2025-07-10T07:40:45.757+05:30  INFO 19036 --- [http-nio-8085-exec-7] com.olive.service.ProjectService         : Fetching all projects.
2025-07-10T07:40:45.791+05:30  INFO 19036 --- [http-nio-8085-exec-7] com.olive.controller.ProjectController   : response sending to get all projects.com.olive.dto.ProjectResponse@55bc049f
2025-07-10T07:41:05.778+05:30  INFO 19036 --- [http-nio-8085-exec-4] com.olive.controller.ProjectController   : Received request to get all projects.
2025-07-10T07:41:05.778+05:30  INFO 19036 --- [http-nio-8085-exec-4] com.olive.service.ProjectService         : Fetching all projects.
2025-07-10T07:41:05.781+05:30  INFO 19036 --- [http-nio-8085-exec-4] com.olive.controller.ProjectController   : response sending to get all projects.com.olive.dto.ProjectResponse@6f56b909
2025-07-10T07:41:06.342+05:30  INFO 19036 --- [http-nio-8085-exec-5] com.olive.controller.ProjectController   : Received request to get all projects.
2025-07-10T07:41:06.342+05:30  INFO 19036 --- [http-nio-8085-exec-5] com.olive.service.ProjectService         : Fetching all projects.
2025-07-10T07:41:06.351+05:30  INFO 19036 --- [http-nio-8085-exec-5] com.olive.controller.ProjectController   : response sending to get all projects.com.olive.dto.ProjectResponse@2a1b478b
2025-07-10T07:41:21.839+05:30  INFO 19036 --- [http-nio-8085-exec-7] com.olive.controller.ProjectController   : Received request to get all projects.
2025-07-10T07:41:21.841+05:30  INFO 19036 --- [http-nio-8085-exec-7] com.olive.service.ProjectService         : Fetching all projects.
2025-07-10T07:41:21.849+05:30  INFO 19036 --- [http-nio-8085-exec-7] com.olive.controller.ProjectController   : response sending to get all projects.com.olive.dto.ProjectResponse@7b88401a
2025-07-10T07:41:23.886+05:30  INFO 19036 --- [http-nio-8085-exec-10] com.olive.controller.ProjectController   : Received request to get all projects.
2025-07-10T07:41:23.886+05:30  INFO 19036 --- [http-nio-8085-exec-10] com.olive.service.ProjectService         : Fetching all projects.
2025-07-10T07:41:23.894+05:30  INFO 19036 --- [http-nio-8085-exec-10] com.olive.controller.ProjectController   : response sending to get all projects.com.olive.dto.ProjectResponse@206c2b07
2025-07-10T07:41:24.821+05:30  INFO 19036 --- [http-nio-8085-exec-9] com.olive.controller.ProjectController   : Received request to get all projects.
2025-07-10T07:41:24.821+05:30  INFO 19036 --- [http-nio-8085-exec-9] com.olive.service.ProjectService         : Fetching all projects.
2025-07-10T07:41:24.824+05:30  INFO 19036 --- [http-nio-8085-exec-9] com.olive.controller.ProjectController   : response sending to get all projects.com.olive.dto.ProjectResponse@49f0038a
2025-07-10T07:41:33.842+05:30  INFO 19036 --- [http-nio-8085-exec-7] com.olive.controller.ProjectController   : Received request to get all projects.
2025-07-10T07:41:33.842+05:30  INFO 19036 --- [http-nio-8085-exec-7] com.olive.service.ProjectService         : Fetching all projects.
2025-07-10T07:41:33.847+05:30  INFO 19036 --- [http-nio-8085-exec-7] com.olive.controller.ProjectController   : response sending to get all projects.com.olive.dto.ProjectResponse@293e7c32
2025-07-10T07:41:37.437+05:30  INFO 19036 --- [http-nio-8085-exec-4] com.olive.controller.ProjectController   : Received request to get all projects.
2025-07-10T07:41:37.438+05:30  INFO 19036 --- [http-nio-8085-exec-4] com.olive.service.ProjectService         : Fetching all projects.
2025-07-10T07:41:37.455+05:30  INFO 19036 --- [http-nio-8085-exec-4] com.olive.controller.ProjectController   : response sending to get all projects.com.olive.dto.ProjectResponse@47c0ae3f
2025-07-10T07:41:42.899+05:30  INFO 19036 --- [http-nio-8085-exec-5] com.olive.controller.ProjectController   : Received request to get all projects.
2025-07-10T07:41:42.900+05:30  INFO 19036 --- [http-nio-8085-exec-5] com.olive.service.ProjectService         : Fetching all projects.
2025-07-10T07:41:42.906+05:30  INFO 19036 --- [http-nio-8085-exec-5] com.olive.controller.ProjectController   : response sending to get all projects.com.olive.dto.ProjectResponse@3675c5a1
2025-07-10T07:41:52.952+05:30  INFO 19036 --- [http-nio-8085-exec-8] com.olive.controller.ProjectController   : Received request to get all projects.
2025-07-10T07:41:52.952+05:30  INFO 19036 --- [http-nio-8085-exec-8] com.olive.service.ProjectService         : Fetching all projects.
2025-07-10T07:41:52.959+05:30  INFO 19036 --- [http-nio-8085-exec-8] com.olive.controller.ProjectController   : response sending to get all projects.com.olive.dto.ProjectResponse@1432c0a3
2025-07-10T07:44:12.752+05:30  INFO 19036 --- [http-nio-8085-exec-9] com.olive.controller.ProjectController   : Received request to get all projects.
2025-07-10T07:44:12.753+05:30  INFO 19036 --- [http-nio-8085-exec-9] com.olive.service.ProjectService         : Fetching all projects.
2025-07-10T07:44:12.761+05:30  INFO 19036 --- [http-nio-8085-exec-9] com.olive.controller.ProjectController   : response sending to get all projects.com.olive.dto.ProjectResponse@62d44398
2025-07-10T07:44:22.580+05:30  INFO 19036 --- [http-nio-8085-exec-3] com.olive.controller.AuthController      : Received sign-in request for email: navya@olivecrypto.com
2025-07-10T07:44:22.717+05:30  WARN 19036 --- [http-nio-8085-exec-6] c.o.exception.CustomExceptionHandler     : Access Denied: Access Denied
2025-07-10T07:44:22.717+05:30  WARN 19036 --- [http-nio-8085-exec-6] .m.m.a.ExceptionHandlerExceptionResolver : Resolved [org.springframework.security.access.AccessDeniedException: Access Denied]
2025-07-10T07:44:23.737+05:30  WARN 19036 --- [http-nio-8085-exec-8] c.o.exception.CustomExceptionHandler     : Access Denied: Access Denied
2025-07-10T07:44:23.740+05:30  WARN 19036 --- [http-nio-8085-exec-8] .m.m.a.ExceptionHandlerExceptionResolver : Resolved [org.springframework.security.access.AccessDeniedException: Access Denied]
2025-07-10T07:44:25.755+05:30  WARN 19036 --- [http-nio-8085-exec-7] c.o.exception.CustomExceptionHandler     : Access Denied: Access Denied
2025-07-10T07:44:25.757+05:30  WARN 19036 --- [http-nio-8085-exec-7] .m.m.a.ExceptionHandlerExceptionResolver : Resolved [org.springframework.security.access.AccessDeniedException: Access Denied]
2025-07-10T07:44:29.462+05:30  WARN 19036 --- [http-nio-8085-exec-10] c.o.exception.CustomExceptionHandler     : Access Denied: Access Denied
2025-07-10T07:44:29.462+05:30  WARN 19036 --- [http-nio-8085-exec-4] c.o.exception.CustomExceptionHandler     : Access Denied: Access Denied
2025-07-10T07:44:29.463+05:30  WARN 19036 --- [http-nio-8085-exec-4] .m.m.a.ExceptionHandlerExceptionResolver : Resolved [org.springframework.security.access.AccessDeniedException: Access Denied]
2025-07-10T07:44:29.463+05:30  WARN 19036 --- [http-nio-8085-exec-10] .m.m.a.ExceptionHandlerExceptionResolver : Resolved [org.springframework.security.access.AccessDeniedException: Access Denied]
2025-07-10T07:44:30.487+05:30  WARN 19036 --- [http-nio-8085-exec-9] c.o.exception.CustomExceptionHandler     : Access Denied: Access Denied
2025-07-10T07:44:30.488+05:30  WARN 19036 --- [http-nio-8085-exec-5] c.o.exception.CustomExceptionHandler     : Access Denied: Access Denied
2025-07-10T07:44:30.490+05:30  WARN 19036 --- [http-nio-8085-exec-9] .m.m.a.ExceptionHandlerExceptionResolver : Resolved [org.springframework.security.access.AccessDeniedException: Access Denied]
2025-07-10T07:44:30.490+05:30  WARN 19036 --- [http-nio-8085-exec-5] .m.m.a.ExceptionHandlerExceptionResolver : Resolved [org.springframework.security.access.AccessDeniedException: Access Denied]
2025-07-10T07:44:35.759+05:30  WARN 19036 --- [http-nio-8085-exec-3] c.o.exception.CustomExceptionHandler     : Access Denied: Access Denied
2025-07-10T07:44:35.760+05:30  WARN 19036 --- [http-nio-8085-exec-3] .m.m.a.ExceptionHandlerExceptionResolver : Resolved [org.springframework.security.access.AccessDeniedException: Access Denied]
2025-07-10T07:44:36.777+05:30  WARN 19036 --- [http-nio-8085-exec-6] c.o.exception.CustomExceptionHandler     : Access Denied: Access Denied
2025-07-10T07:44:36.779+05:30  WARN 19036 --- [http-nio-8085-exec-6] .m.m.a.ExceptionHandlerExceptionResolver : Resolved [org.springframework.security.access.AccessDeniedException: Access Denied]
2025-07-10T07:44:50.377+05:30  WARN 19036 --- [http-nio-8085-exec-7] c.o.exception.CustomExceptionHandler     : Access Denied: Access Denied
2025-07-10T07:44:50.377+05:30  WARN 19036 --- [http-nio-8085-exec-4] c.o.exception.CustomExceptionHandler     : Access Denied: Access Denied
2025-07-10T07:44:50.378+05:30  WARN 19036 --- [http-nio-8085-exec-7] .m.m.a.ExceptionHandlerExceptionResolver : Resolved [org.springframework.security.access.AccessDeniedException: Access Denied]
2025-07-10T07:44:50.378+05:30  WARN 19036 --- [http-nio-8085-exec-4] .m.m.a.ExceptionHandlerExceptionResolver : Resolved [org.springframework.security.access.AccessDeniedException: Access Denied]
2025-07-10T07:44:51.396+05:30  WARN 19036 --- [http-nio-8085-exec-1] c.o.exception.CustomExceptionHandler     : Access Denied: Access Denied
2025-07-10T07:44:51.397+05:30  WARN 19036 --- [http-nio-8085-exec-10] c.o.exception.CustomExceptionHandler     : Access Denied: Access Denied
2025-07-10T07:44:51.398+05:30  WARN 19036 --- [http-nio-8085-exec-1] .m.m.a.ExceptionHandlerExceptionResolver : Resolved [org.springframework.security.access.AccessDeniedException: Access Denied]
2025-07-10T07:44:51.398+05:30  WARN 19036 --- [http-nio-8085-exec-10] .m.m.a.ExceptionHandlerExceptionResolver : Resolved [org.springframework.security.access.AccessDeniedException: Access Denied]
2025-07-10T07:44:53.469+05:30  WARN 19036 --- [http-nio-8085-exec-9] c.o.exception.CustomExceptionHandler     : Access Denied: Access Denied
2025-07-10T07:44:53.469+05:30  WARN 19036 --- [http-nio-8085-exec-5] c.o.exception.CustomExceptionHandler     : Access Denied: Access Denied
2025-07-10T07:44:53.471+05:30  WARN 19036 --- [http-nio-8085-exec-9] .m.m.a.ExceptionHandlerExceptionResolver : Resolved [org.springframework.security.access.AccessDeniedException: Access Denied]
2025-07-10T07:44:53.471+05:30  WARN 19036 --- [http-nio-8085-exec-5] .m.m.a.ExceptionHandlerExceptionResolver : Resolved [org.springframework.security.access.AccessDeniedException: Access Denied]
2025-07-10T07:44:57.495+05:30  WARN 19036 --- [http-nio-8085-exec-2] c.o.exception.CustomExceptionHandler     : Access Denied: Access Denied
2025-07-10T07:44:57.495+05:30  WARN 19036 --- [http-nio-8085-exec-3] c.o.exception.CustomExceptionHandler     : Access Denied: Access Denied
2025-07-10T07:44:57.495+05:30  WARN 19036 --- [http-nio-8085-exec-2] .m.m.a.ExceptionHandlerExceptionResolver : Resolved [org.springframework.security.access.AccessDeniedException: Access Denied]
2025-07-10T07:44:57.496+05:30  WARN 19036 --- [http-nio-8085-exec-3] .m.m.a.ExceptionHandlerExceptionResolver : Resolved [org.springframework.security.access.AccessDeniedException: Access Denied]
2025-07-10T07:45:36.365+05:30  WARN 19036 --- [http-nio-8085-exec-3] c.o.exception.CustomExceptionHandler     : Access Denied: Access Denied
2025-07-10T07:45:36.371+05:30  WARN 19036 --- [http-nio-8085-exec-3] .m.m.a.ExceptionHandlerExceptionResolver : Resolved [org.springframework.security.access.AccessDeniedException: Access Denied]
2025-07-10T07:45:36.373+05:30  WARN 19036 --- [http-nio-8085-exec-2] c.o.exception.CustomExceptionHandler     : Access Denied: Access Denied
2025-07-10T07:45:36.375+05:30  WARN 19036 --- [http-nio-8085-exec-2] .m.m.a.ExceptionHandlerExceptionResolver : Resolved [org.springframework.security.access.AccessDeniedException: Access Denied]
2025-07-10T07:45:37.392+05:30  WARN 19036 --- [http-nio-8085-exec-7] c.o.exception.CustomExceptionHandler     : Access Denied: Access Denied
2025-07-10T07:45:37.392+05:30  WARN 19036 --- [http-nio-8085-exec-6] c.o.exception.CustomExceptionHandler     : Access Denied: Access Denied
2025-07-10T07:45:37.393+05:30  WARN 19036 --- [http-nio-8085-exec-6] .m.m.a.ExceptionHandlerExceptionResolver : Resolved [org.springframework.security.access.AccessDeniedException: Access Denied]
2025-07-10T07:45:37.393+05:30  WARN 19036 --- [http-nio-8085-exec-7] .m.m.a.ExceptionHandlerExceptionResolver : Resolved [org.springframework.security.access.AccessDeniedException: Access Denied]
2025-07-10T07:46:00.264+05:30  INFO 19036 --- [http-nio-8085-exec-4] com.olive.controller.AuthController      : Received sign-in request for email: mahesh@olivecrypto.com
2025-07-10T07:46:00.404+05:30  INFO 19036 --- [http-nio-8085-exec-8] c.olive.controller.DashboardController   : Received request for dashboard summary.
2025-07-10T07:46:00.404+05:30  INFO 19036 --- [http-nio-8085-exec-8] com.olive.service.DashboardService       : Generating dashboard summary.
2025-07-10T07:46:00.451+05:30  INFO 19036 --- [http-nio-8085-exec-8] c.olive.controller.DashboardController   : Returning dashboard summary.
2025-07-10T07:47:08.636+05:30  INFO 19036 --- [http-nio-8085-exec-3] com.olive.controller.AuthController      : Received sign-in request for email: navya@olivecrypto.com
2025-07-10T07:47:08.816+05:30  WARN 19036 --- [http-nio-8085-exec-2] c.o.exception.CustomExceptionHandler     : Access Denied: Access Denied
2025-07-10T07:47:08.817+05:30  WARN 19036 --- [http-nio-8085-exec-2] .m.m.a.ExceptionHandlerExceptionResolver : Resolved [org.springframework.security.access.AccessDeniedException: Access Denied]
2025-07-10T07:47:09.868+05:30  WARN 19036 --- [http-nio-8085-exec-5] c.o.exception.CustomExceptionHandler     : Access Denied: Access Denied
2025-07-10T07:47:09.868+05:30  WARN 19036 --- [http-nio-8085-exec-5] .m.m.a.ExceptionHandlerExceptionResolver : Resolved [org.springframework.security.access.AccessDeniedException: Access Denied]
2025-07-10T07:47:10.388+05:30  WARN 19036 --- [http-nio-8085-exec-7] c.o.exception.CustomExceptionHandler     : Access Denied: Access Denied
2025-07-10T07:47:10.388+05:30  WARN 19036 --- [http-nio-8085-exec-4] c.o.exception.CustomExceptionHandler     : Access Denied: Access Denied
2025-07-10T07:47:10.389+05:30  WARN 19036 --- [http-nio-8085-exec-7] .m.m.a.ExceptionHandlerExceptionResolver : Resolved [org.springframework.security.access.AccessDeniedException: Access Denied]
2025-07-10T07:47:10.389+05:30  WARN 19036 --- [http-nio-8085-exec-4] .m.m.a.ExceptionHandlerExceptionResolver : Resolved [org.springframework.security.access.AccessDeniedException: Access Denied]
2025-07-10T07:47:11.430+05:30  WARN 19036 --- [http-nio-8085-exec-1] c.o.exception.CustomExceptionHandler     : Access Denied: Access Denied
2025-07-10T07:47:11.430+05:30  WARN 19036 --- [http-nio-8085-exec-8] c.o.exception.CustomExceptionHandler     : Access Denied: Access Denied
2025-07-10T07:47:11.431+05:30  WARN 19036 --- [http-nio-8085-exec-1] .m.m.a.ExceptionHandlerExceptionResolver : Resolved [org.springframework.security.access.AccessDeniedException: Access Denied]
2025-07-10T07:47:11.431+05:30  WARN 19036 --- [http-nio-8085-exec-8] .m.m.a.ExceptionHandlerExceptionResolver : Resolved [org.springframework.security.access.AccessDeniedException: Access Denied]
2025-07-10T07:47:13.474+05:30  WARN 19036 --- [http-nio-8085-exec-10] c.o.exception.CustomExceptionHandler     : Access Denied: Access Denied
2025-07-10T07:47:13.474+05:30  WARN 19036 --- [http-nio-8085-exec-10] .m.m.a.ExceptionHandlerExceptionResolver : Resolved [org.springframework.security.access.AccessDeniedException: Access Denied]
2025-07-10T07:47:13.511+05:30  WARN 19036 --- [http-nio-8085-exec-9] c.o.exception.CustomExceptionHandler     : Access Denied: Access Denied
2025-07-10T07:47:13.514+05:30  WARN 19036 --- [http-nio-8085-exec-9] .m.m.a.ExceptionHandlerExceptionResolver : Resolved [org.springframework.security.access.AccessDeniedException: Access Denied]
2025-07-10T07:47:17.534+05:30  WARN 19036 --- [http-nio-8085-exec-3] c.o.exception.CustomExceptionHandler     : Access Denied: Access Denied
2025-07-10T07:47:17.534+05:30  WARN 19036 --- [http-nio-8085-exec-2] c.o.exception.CustomExceptionHandler     : Access Denied: Access Denied
2025-07-10T07:47:17.535+05:30  WARN 19036 --- [http-nio-8085-exec-3] .m.m.a.ExceptionHandlerExceptionResolver : Resolved [org.springframework.security.access.AccessDeniedException: Access Denied]
2025-07-10T07:47:17.535+05:30  WARN 19036 --- [http-nio-8085-exec-2] .m.m.a.ExceptionHandlerExceptionResolver : Resolved [org.springframework.security.access.AccessDeniedException: Access Denied]
2025-07-10T07:47:36.482+05:30  INFO 19036 --- [http-nio-8085-exec-4] com.olive.controller.AuthController      : Received sign-in request for email: navya@olivecrypto.com
2025-07-10T07:47:36.599+05:30  WARN 19036 --- [http-nio-8085-exec-6] c.o.exception.CustomExceptionHandler     : Access Denied: Access Denied
2025-07-10T07:47:36.600+05:30  WARN 19036 --- [http-nio-8085-exec-6] .m.m.a.ExceptionHandlerExceptionResolver : Resolved [org.springframework.security.access.AccessDeniedException: Access Denied]
2025-07-10T07:47:37.620+05:30  WARN 19036 --- [http-nio-8085-exec-1] c.o.exception.CustomExceptionHandler     : Access Denied: Access Denied
2025-07-10T07:47:37.621+05:30  WARN 19036 --- [http-nio-8085-exec-1] .m.m.a.ExceptionHandlerExceptionResolver : Resolved [org.springframework.security.access.AccessDeniedException: Access Denied]
2025-07-10T07:47:39.640+05:30  WARN 19036 --- [http-nio-8085-exec-8] c.o.exception.CustomExceptionHandler     : Access Denied: Access Denied
2025-07-10T07:47:39.642+05:30  WARN 19036 --- [http-nio-8085-exec-8] .m.m.a.ExceptionHandlerExceptionResolver : Resolved [org.springframework.security.access.AccessDeniedException: Access Denied]
2025-07-10T07:47:43.669+05:30  WARN 19036 --- [http-nio-8085-exec-10] c.o.exception.CustomExceptionHandler     : Access Denied: Access Denied
2025-07-10T07:47:43.671+05:30  WARN 19036 --- [http-nio-8085-exec-10] .m.m.a.ExceptionHandlerExceptionResolver : Resolved [org.springframework.security.access.AccessDeniedException: Access Denied]
2025-07-10T07:47:54.398+05:30  INFO 19036 --- [http-nio-8085-exec-3] com.olive.controller.AuthController      : Received sign-in request for email: mahesh@olivecrypto.com
2025-07-10T07:47:54.519+05:30  INFO 19036 --- [http-nio-8085-exec-2] c.olive.controller.DashboardController   : Received request for dashboard summary.
2025-07-10T07:47:54.519+05:30  INFO 19036 --- [http-nio-8085-exec-2] com.olive.service.DashboardService       : Generating dashboard summary.
2025-07-10T07:47:54.575+05:30  INFO 19036 --- [http-nio-8085-exec-2] c.olive.controller.DashboardController   : Returning dashboard summary.
2025-07-10T07:48:04.363+05:30  WARN 19036 --- [http-nio-8085-exec-7] c.o.exception.CustomExceptionHandler     : Access Denied: Access Denied
2025-07-10T07:48:04.364+05:30  WARN 19036 --- [http-nio-8085-exec-7] .m.m.a.ExceptionHandlerExceptionResolver : Resolved [org.springframework.security.access.AccessDeniedException: Access Denied]
2025-07-10T07:48:05.384+05:30  WARN 19036 --- [http-nio-8085-exec-4] c.o.exception.CustomExceptionHandler     : Access Denied: Access Denied
2025-07-10T07:48:05.385+05:30  WARN 19036 --- [http-nio-8085-exec-4] .m.m.a.ExceptionHandlerExceptionResolver : Resolved [org.springframework.security.access.AccessDeniedException: Access Denied]
2025-07-10T07:48:07.410+05:30  WARN 19036 --- [http-nio-8085-exec-6] c.o.exception.CustomExceptionHandler     : Access Denied: Access Denied
2025-07-10T07:48:07.412+05:30  WARN 19036 --- [http-nio-8085-exec-6] .m.m.a.ExceptionHandlerExceptionResolver : Resolved [org.springframework.security.access.AccessDeniedException: Access Denied]
2025-07-10T07:48:11.438+05:30  WARN 19036 --- [http-nio-8085-exec-8] c.o.exception.CustomExceptionHandler     : Access Denied: Access Denied
2025-07-10T07:48:11.440+05:30  WARN 19036 --- [http-nio-8085-exec-8] .m.m.a.ExceptionHandlerExceptionResolver : Resolved [org.springframework.security.access.AccessDeniedException: Access Denied]
2025-07-10T07:48:23.387+05:30  WARN 19036 --- [http-nio-8085-exec-3] c.o.exception.CustomExceptionHandler     : Access Denied: Access Denied
2025-07-10T07:48:23.389+05:30  WARN 19036 --- [http-nio-8085-exec-3] .m.m.a.ExceptionHandlerExceptionResolver : Resolved [org.springframework.security.access.AccessDeniedException: Access Denied]
2025-07-10T07:48:24.405+05:30  WARN 19036 --- [http-nio-8085-exec-7] c.o.exception.CustomExceptionHandler     : Access Denied: Access Denied
2025-07-10T07:48:24.406+05:30  WARN 19036 --- [http-nio-8085-exec-7] .m.m.a.ExceptionHandlerExceptionResolver : Resolved [org.springframework.security.access.AccessDeniedException: Access Denied]
2025-07-10T07:48:30.586+05:30  WARN 19036 --- [http-nio-8085-exec-5] c.o.exception.CustomExceptionHandler     : Access Denied: Access Denied
2025-07-10T07:48:30.588+05:30  WARN 19036 --- [http-nio-8085-exec-5] .m.m.a.ExceptionHandlerExceptionResolver : Resolved [org.springframework.security.access.AccessDeniedException: Access Denied]
2025-07-10T07:48:50.361+05:30  INFO 19036 --- [http-nio-8085-exec-4] com.olive.controller.AuthController      : Received sign-in request for email: shabeer@olivecrypto.com
2025-07-10T07:48:50.484+05:30  INFO 19036 --- [http-nio-8085-exec-6] c.olive.controller.DashboardController   : Received request for dashboard summary.
2025-07-10T07:48:50.485+05:30  INFO 19036 --- [http-nio-8085-exec-6] com.olive.service.DashboardService       : Generating dashboard summary.
2025-07-10T07:48:50.674+05:30  INFO 19036 --- [http-nio-8085-exec-6] c.olive.controller.DashboardController   : Returning dashboard summary.
2025-07-10T07:49:33.253+05:30  INFO 19036 --- [http-nio-8085-exec-9] com.olive.service.TeammateService        : Teammate 'srihari' availability changed to: Free
2025-07-10T07:50:00.379+05:30  INFO 19036 --- [http-nio-8085-exec-5] com.olive.controller.AuthController      : Received sign-in request for email: srihariu@olivecrypto.com
2025-07-10T07:50:00.510+05:30  INFO 19036 --- [http-nio-8085-exec-6] c.olive.controller.DashboardController   : Received request for dashboard summary.
2025-07-10T07:50:00.510+05:30  INFO 19036 --- [http-nio-8085-exec-6] com.olive.service.DashboardService       : Generating dashboard summary.
2025-07-10T07:50:00.563+05:30  INFO 19036 --- [http-nio-8085-exec-6] c.olive.controller.DashboardController   : Returning dashboard summary.
2025-07-10T07:50:05.500+05:30  WARN 19036 --- [http-nio-8085-exec-10] c.o.exception.CustomExceptionHandler     : Access Denied: Access Denied
2025-07-10T07:50:05.502+05:30  WARN 19036 --- [http-nio-8085-exec-10] .m.m.a.ExceptionHandlerExceptionResolver : Resolved [org.springframework.security.access.AccessDeniedException: Access Denied]
2025-07-10T07:50:06.532+05:30  WARN 19036 --- [http-nio-8085-exec-9] c.o.exception.CustomExceptionHandler     : Access Denied: Access Denied
2025-07-10T07:50:06.533+05:30  WARN 19036 --- [http-nio-8085-exec-9] .m.m.a.ExceptionHandlerExceptionResolver : Resolved [org.springframework.security.access.AccessDeniedException: Access Denied]
2025-07-10T07:50:08.567+05:30  WARN 19036 --- [http-nio-8085-exec-2] c.o.exception.CustomExceptionHandler     : Access Denied: Access Denied
2025-07-10T07:50:08.568+05:30  WARN 19036 --- [http-nio-8085-exec-2] .m.m.a.ExceptionHandlerExceptionResolver : Resolved [org.springframework.security.access.AccessDeniedException: Access Denied]
2025-07-10T07:50:12.596+05:30  WARN 19036 --- [http-nio-8085-exec-7] c.o.exception.CustomExceptionHandler     : Access Denied: Access Denied
2025-07-10T07:50:12.597+05:30  WARN 19036 --- [http-nio-8085-exec-7] .m.m.a.ExceptionHandlerExceptionResolver : Resolved [org.springframework.security.access.AccessDeniedException: Access Denied]
2025-07-10T07:50:14.542+05:30  INFO 19036 --- [http-nio-8085-exec-5] com.olive.service.TeammateService        : Teammate 'srihari' availability changed to: Occupied
2025-07-10T07:50:41.503+05:30  INFO 19036 --- [http-nio-8085-exec-9] com.olive.controller.AuthController      : Received sign-in request for email: shabeer@olivecrypto.com
2025-07-10T07:50:41.632+05:30  INFO 19036 --- [http-nio-8085-exec-2] c.olive.controller.DashboardController   : Received request for dashboard summary.
2025-07-10T07:50:41.632+05:30  INFO 19036 --- [http-nio-8085-exec-2] com.olive.service.DashboardService       : Generating dashboard summary.
2025-07-10T07:50:41.685+05:30  INFO 19036 --- [http-nio-8085-exec-2] c.olive.controller.DashboardController   : Returning dashboard summary.
2025-07-10T08:00:52.197+05:30  INFO 19036 --- [http-nio-8085-exec-7] com.olive.service.TeammateService        : Teammate 'vivek rapaka' availability changed to: Occupied
2025-07-10T08:01:22.922+05:30  WARN 19036 --- [http-nio-8085-exec-8] c.o.exception.CustomExceptionHandler     : Access Denied: Access Denied
2025-07-10T08:01:22.930+05:30  WARN 19036 --- [http-nio-8085-exec-8] .m.m.a.ExceptionHandlerExceptionResolver : Resolved [org.springframework.security.access.AccessDeniedException: Access Denied]
2025-07-10T08:01:33.402+05:30  WARN 19036 --- [http-nio-8085-exec-10] c.o.exception.CustomExceptionHandler     : Access Denied: Access Denied
2025-07-10T08:01:33.404+05:30  WARN 19036 --- [http-nio-8085-exec-10] .m.m.a.ExceptionHandlerExceptionResolver : Resolved [org.springframework.security.access.AccessDeniedException: Access Denied]
2025-07-10T08:01:40.413+05:30  WARN 19036 --- [http-nio-8085-exec-9] c.o.exception.CustomExceptionHandler     : Access Denied: Access Denied
2025-07-10T08:01:40.414+05:30  WARN 19036 --- [http-nio-8085-exec-9] .m.m.a.ExceptionHandlerExceptionResolver : Resolved [org.springframework.security.access.AccessDeniedException: Access Denied]
2025-07-10T08:01:58.550+05:30  INFO 19036 --- [http-nio-8085-exec-2] com.olive.controller.AuthController      : Received sign-in request for email: vivekkumar.rapaka@olivecrypto.com
2025-07-10T08:01:58.654+05:30  INFO 19036 --- [http-nio-8085-exec-3] c.olive.controller.DashboardController   : Received request for dashboard summary.
2025-07-10T08:01:58.654+05:30  INFO 19036 --- [http-nio-8085-exec-3] com.olive.service.DashboardService       : Generating dashboard summary.
2025-07-10T08:01:58.711+05:30  INFO 19036 --- [http-nio-8085-exec-3] c.olive.controller.DashboardController   : Returning dashboard summary.
2025-07-10T08:02:02.070+05:30  WARN 19036 --- [http-nio-8085-exec-6] c.o.exception.CustomExceptionHandler     : Access Denied: Access Denied
2025-07-10T08:02:02.072+05:30  WARN 19036 --- [http-nio-8085-exec-6] .m.m.a.ExceptionHandlerExceptionResolver : Resolved [org.springframework.security.access.AccessDeniedException: Access Denied]
2025-07-10T08:02:03.108+05:30  WARN 19036 --- [http-nio-8085-exec-4] c.o.exception.CustomExceptionHandler     : Access Denied: Access Denied
2025-07-10T08:02:03.110+05:30  WARN 19036 --- [http-nio-8085-exec-4] .m.m.a.ExceptionHandlerExceptionResolver : Resolved [org.springframework.security.access.AccessDeniedException: Access Denied]
2025-07-10T08:02:05.136+05:30  WARN 19036 --- [http-nio-8085-exec-1] c.o.exception.CustomExceptionHandler     : Access Denied: Access Denied
2025-07-10T08:02:05.136+05:30  WARN 19036 --- [http-nio-8085-exec-1] .m.m.a.ExceptionHandlerExceptionResolver : Resolved [org.springframework.security.access.AccessDeniedException: Access Denied]
2025-07-10T08:02:06.682+05:30  WARN 19036 --- [http-nio-8085-exec-8] c.o.exception.CustomExceptionHandler     : Access Denied: Access Denied
2025-07-10T08:02:06.683+05:30  WARN 19036 --- [http-nio-8085-exec-8] .m.m.a.ExceptionHandlerExceptionResolver : Resolved [org.springframework.security.access.AccessDeniedException: Access Denied]
2025-07-10T08:02:07.701+05:30  WARN 19036 --- [http-nio-8085-exec-10] c.o.exception.CustomExceptionHandler     : Access Denied: Access Denied
2025-07-10T08:02:07.702+05:30  WARN 19036 --- [http-nio-8085-exec-10] .m.m.a.ExceptionHandlerExceptionResolver : Resolved [org.springframework.security.access.AccessDeniedException: Access Denied]
2025-07-10T08:02:09.154+05:30  WARN 19036 --- [http-nio-8085-exec-9] c.o.exception.CustomExceptionHandler     : Access Denied: Access Denied
2025-07-10T08:02:09.154+05:30  WARN 19036 --- [http-nio-8085-exec-9] .m.m.a.ExceptionHandlerExceptionResolver : Resolved [org.springframework.security.access.AccessDeniedException: Access Denied]
2025-07-10T08:02:09.730+05:30  WARN 19036 --- [http-nio-8085-exec-7] c.o.exception.CustomExceptionHandler     : Access Denied: Access Denied
2025-07-10T08:02:09.730+05:30  WARN 19036 --- [http-nio-8085-exec-7] .m.m.a.ExceptionHandlerExceptionResolver : Resolved [org.springframework.security.access.AccessDeniedException: Access Denied]
2025-07-10T08:02:13.424+05:30  WARN 19036 --- [http-nio-8085-exec-3] c.o.exception.CustomExceptionHandler     : Access Denied: Access Denied
2025-07-10T08:02:13.425+05:30  WARN 19036 --- [http-nio-8085-exec-3] .m.m.a.ExceptionHandlerExceptionResolver : Resolved [org.springframework.security.access.AccessDeniedException: Access Denied]
2025-07-10T08:02:14.456+05:30  WARN 19036 --- [http-nio-8085-exec-6] c.o.exception.CustomExceptionHandler     : Access Denied: Access Denied
2025-07-10T08:02:14.456+05:30  WARN 19036 --- [http-nio-8085-exec-6] .m.m.a.ExceptionHandlerExceptionResolver : Resolved [org.springframework.security.access.AccessDeniedException: Access Denied]
2025-07-10T08:02:16.502+05:30  WARN 19036 --- [http-nio-8085-exec-5] c.o.exception.CustomExceptionHandler     : Access Denied: Access Denied
2025-07-10T08:02:16.503+05:30  WARN 19036 --- [http-nio-8085-exec-5] .m.m.a.ExceptionHandlerExceptionResolver : Resolved [org.springframework.security.access.AccessDeniedException: Access Denied]
2025-07-10T08:02:20.287+05:30  WARN 19036 --- [http-nio-8085-exec-4] c.o.exception.CustomExceptionHandler     : Access Denied: Access Denied
2025-07-10T08:02:20.287+05:30  WARN 19036 --- [http-nio-8085-exec-4] .m.m.a.ExceptionHandlerExceptionResolver : Resolved [org.springframework.security.access.AccessDeniedException: Access Denied]
2025-07-10T08:02:21.970+05:30  WARN 19036 --- [http-nio-8085-exec-1] c.o.exception.CustomExceptionHandler     : Access Denied: Access Denied
2025-07-10T08:02:21.970+05:30  WARN 19036 --- [http-nio-8085-exec-1] .m.m.a.ExceptionHandlerExceptionResolver : Resolved [org.springframework.security.access.AccessDeniedException: Access Denied]
2025-07-10T08:02:23.007+05:30  WARN 19036 --- [http-nio-8085-exec-8] c.o.exception.CustomExceptionHandler     : Access Denied: Access Denied
2025-07-10T08:02:23.007+05:30  WARN 19036 --- [http-nio-8085-exec-8] .m.m.a.ExceptionHandlerExceptionResolver : Resolved [org.springframework.security.access.AccessDeniedException: Access Denied]
2025-07-10T08:02:25.029+05:30  WARN 19036 --- [http-nio-8085-exec-10] c.o.exception.CustomExceptionHandler     : Access Denied: Access Denied
2025-07-10T08:02:25.029+05:30  WARN 19036 --- [http-nio-8085-exec-10] .m.m.a.ExceptionHandlerExceptionResolver : Resolved [org.springframework.security.access.AccessDeniedException: Access Denied]
2025-07-10T08:02:29.180+05:30  WARN 19036 --- [http-nio-8085-exec-2] c.o.exception.CustomExceptionHandler     : Access Denied: Access Denied
2025-07-10T08:02:29.180+05:30  WARN 19036 --- [http-nio-8085-exec-2] .m.m.a.ExceptionHandlerExceptionResolver : Resolved [org.springframework.security.access.AccessDeniedException: Access Denied]
2025-07-10T08:02:42.482+05:30  INFO 19036 --- [http-nio-8085-exec-3] com.olive.controller.AuthController      : Received sign-in request for email: shabeer@olivecrypto.com
2025-07-10T08:02:42.632+05:30  INFO 19036 --- [http-nio-8085-exec-6] c.olive.controller.DashboardController   : Received request for dashboard summary.
2025-07-10T08:02:42.633+05:30  INFO 19036 --- [http-nio-8085-exec-6] com.olive.service.DashboardService       : Generating dashboard summary.
2025-07-10T08:02:42.718+05:30  INFO 19036 --- [http-nio-8085-exec-6] c.olive.controller.DashboardController   : Returning dashboard summary.
2025-07-10T08:05:43.728+05:30  INFO 19036 --- [http-nio-8085-exec-7] c.olive.controller.DashboardController   : Received request for dashboard summary.
2025-07-10T08:05:43.728+05:30  INFO 19036 --- [http-nio-8085-exec-7] com.olive.service.DashboardService       : Generating dashboard summary.
2025-07-10T08:05:43.775+05:30  INFO 19036 --- [http-nio-8085-exec-7] c.olive.controller.DashboardController   : Returning dashboard summary.
2025-07-10T08:05:56.896+05:30  INFO 19036 --- [http-nio-8085-exec-2] c.olive.controller.DashboardController   : Received request for dashboard summary.
2025-07-10T08:05:56.897+05:30  INFO 19036 --- [http-nio-8085-exec-2] com.olive.service.DashboardService       : Generating dashboard summary.
2025-07-10T08:05:56.987+05:30  INFO 19036 --- [http-nio-8085-exec-2] c.olive.controller.DashboardController   : Returning dashboard summary.
2025-07-10T08:28:32.175+05:30  INFO 19036 --- [http-nio-8085-exec-4] c.olive.controller.DashboardController   : Received request for dashboard summary.
2025-07-10T08:28:32.175+05:30  INFO 19036 --- [http-nio-8085-exec-4] com.olive.service.DashboardService       : Generating dashboard summary.
2025-07-10T08:28:32.266+05:30  INFO 19036 --- [http-nio-8085-exec-4] c.olive.controller.DashboardController   : Returning dashboard summary.
2025-07-10T08:33:59.864+05:30  INFO 19036 --- [SpringApplicationShutdownHook] j.LocalContainerEntityManagerFactoryBean : Closing JPA EntityManagerFactory for persistence unit 'default'
2025-07-10T08:33:59.882+05:30  INFO 19036 --- [SpringApplicationShutdownHook] com.zaxxer.hikari.HikariDataSource       : HikariPool-1 - Shutdown initiated...
2025-07-10T08:33:59.887+05:30  INFO 19036 --- [SpringApplicationShutdownHook] com.zaxxer.hikari.HikariDataSource       : HikariPool-1 - Shutdown completed.
2025-07-10T08:34:19.480+05:30  INFO 10040 --- [main] com.olive.TaskmanagerApplicationTests    : Starting TaskmanagerApplicationTests using Java 19.0.2 with PID 10040 (started by itviv in C:\Users\itviv\Desktop\project\oliveTrackingSystemBackend)
2025-07-10T08:34:19.480+05:30  INFO 10040 --- [main] com.olive.TaskmanagerApplicationTests    : No active profile set, falling back to 1 default profile: "default"
2025-07-10T08:34:20.478+05:30  INFO 10040 --- [main] .s.d.r.c.RepositoryConfigurationDelegate : Bootstrapping Spring Data JPA repositories in DEFAULT mode.
2025-07-10T08:34:20.561+05:30  INFO 10040 --- [main] .s.d.r.c.RepositoryConfigurationDelegate : Finished Spring Data repository scanning in 72 ms. Found 7 JPA repository interfaces.
2025-07-10T08:34:21.396+05:30  INFO 10040 --- [main] o.hibernate.jpa.internal.util.LogHelper  : HHH000204: Processing PersistenceUnitInfo [name: default]
2025-07-10T08:34:21.510+05:30  INFO 10040 --- [main] org.hibernate.Version                    : HHH000412: Hibernate ORM core version 6.4.4.Final
2025-07-10T08:34:21.545+05:30  INFO 10040 --- [main] o.h.c.internal.RegionFactoryInitiator    : HHH000026: Second-level cache disabled
2025-07-10T08:34:21.954+05:30  INFO 10040 --- [main] o.s.o.j.p.SpringPersistenceUnitInfo      : No LoadTimeWeaver setup: ignoring JPA class transformer
2025-07-10T08:34:21.990+05:30  INFO 10040 --- [main] com.zaxxer.hikari.HikariDataSource       : HikariPool-1 - Starting...
2025-07-10T08:34:22.491+05:30  INFO 10040 --- [main] com.zaxxer.hikari.pool.HikariPool        : HikariPool-1 - Added connection ConnectionID:1 ClientConnectionId: efdce8b5-6aaa-414e-9f11-48dda1305f94
2025-07-10T08:34:22.494+05:30  INFO 10040 --- [main] com.zaxxer.hikari.HikariDataSource       : HikariPool-1 - Start completed.
2025-07-10T08:34:22.531+05:30  WARN 10040 --- [main] org.hibernate.orm.deprecation            : HHH90000025: SQLServerDialect does not need to be specified explicitly using 'hibernate.dialect' (remove the property setting and it will be selected by default)
2025-07-10T08:34:23.754+05:30  INFO 10040 --- [main] o.h.e.t.j.p.i.JtaPlatformInitiator       : HHH000489: No JTA platform available (set 'hibernate.transaction.jta.platform' to enable JTA platform integration)
2025-07-10T08:34:25.025+05:30  INFO 10040 --- [main] j.LocalContainerEntityManagerFactoryBean : Initialized JPA EntityManagerFactory for persistence unit 'default'
2025-07-10T08:34:25.695+05:30  INFO 10040 --- [main] o.s.d.j.r.query.QueryEnhancerFactory     : Hibernate is in classpath; If applicable, HQL parser will be used.
2025-07-10T08:34:26.051+05:30  INFO 10040 --- [main] com.olive.service.FileStorageService     : File storage location initialized to: C:\Users\itviv\Desktop\project\oliveTrackingSystemBackend\uploads
2025-07-10T08:34:26.052+05:30  INFO 10040 --- [main] com.olive.service.FileStorageService     : Created upload directory: C:\Users\itviv\Desktop\project\oliveTrackingSystemBackend\uploads
2025-07-10T08:34:26.295+05:30  WARN 10040 --- [main] JpaBaseConfiguration$JpaWebConfiguration : spring.jpa.open-in-view is enabled by default. Therefore, database queries may be performed during view rendering. Explicitly configure spring.jpa.open-in-view to disable this warning
2025-07-10T08:34:26.660+05:30  INFO 10040 --- [main] o.s.s.web.DefaultSecurityFilterChain     : Will secure any request with [org.springframework.security.web.session.DisableEncodeUrlFilter@7906de2f, org.springframework.security.web.context.request.async.WebAsyncManagerIntegrationFilter@574f89bf, org.springframework.security.web.context.SecurityContextHolderFilter@591bff1d, org.springframework.security.web.header.HeaderWriterFilter@f4a21cb, org.springframework.web.filter.CorsFilter@2fbc704a, org.springframework.security.web.authentication.logout.LogoutFilter@2e03b52f, com.olive.security.JwtAuthFilter@3453cf27, org.springframework.security.web.savedrequest.RequestCacheAwareFilter@18a66406, org.springframework.security.web.servletapi.SecurityContextHolderAwareRequestFilter@54d3b4fe, org.springframework.security.web.authentication.AnonymousAuthenticationFilter@59a71bef, org.springframework.security.web.session.SessionManagementFilter@6e863469, org.springframework.security.web.access.ExceptionTranslationFilter@1847da64, org.springframework.security.web.access.intercept.AuthorizationFilter@70dbd79f]
2025-07-10T08:34:27.102+05:30  INFO 10040 --- [main] com.olive.TaskmanagerApplicationTests    : Started TaskmanagerApplicationTests in 7.925 seconds (process running for 8.964)
2025-07-10T08:34:27.698+05:30  INFO 10040 --- [SpringApplicationShutdownHook] j.LocalContainerEntityManagerFactoryBean : Closing JPA EntityManagerFactory for persistence unit 'default'
2025-07-10T08:34:27.702+05:30  INFO 10040 --- [SpringApplicationShutdownHook] com.zaxxer.hikari.HikariDataSource       : HikariPool-1 - Shutdown initiated...
2025-07-10T08:34:27.707+05:30  INFO 10040 --- [SpringApplicationShutdownHook] com.zaxxer.hikari.HikariDataSource       : HikariPool-1 - Shutdown completed.
2025-07-10T08:34:39.375+05:30  INFO 3904 --- [restartedMain] com.olive.TaskmanagerApplication         : Starting TaskmanagerApplication using Java 19.0.2 with PID 3904 (C:\Users\itviv\Desktop\project\oliveTrackingSystemBackend\target\classes started by itviv in C:\Users\itviv\Desktop\project\oliveTrackingSystemBackend)
2025-07-10T08:34:39.378+05:30  INFO 3904 --- [restartedMain] com.olive.TaskmanagerApplication         : No active profile set, falling back to 1 default profile: "default"
2025-07-10T08:34:39.436+05:30  INFO 3904 --- [restartedMain] .e.DevToolsPropertyDefaultsPostProcessor : Devtools property defaults active! Set 'spring.devtools.add-properties' to 'false' to disable
2025-07-10T08:34:39.436+05:30  INFO 3904 --- [restartedMain] .e.DevToolsPropertyDefaultsPostProcessor : For additional web related logging consider setting the 'logging.level.web' property to 'DEBUG'
2025-07-10T08:34:40.169+05:30  INFO 3904 --- [restartedMain] .s.d.r.c.RepositoryConfigurationDelegate : Bootstrapping Spring Data JPA repositories in DEFAULT mode.
2025-07-10T08:34:40.242+05:30  INFO 3904 --- [restartedMain] .s.d.r.c.RepositoryConfigurationDelegate : Finished Spring Data repository scanning in 66 ms. Found 7 JPA repository interfaces.
2025-07-10T08:34:40.809+05:30  INFO 3904 --- [restartedMain] o.s.b.w.embedded.tomcat.TomcatWebServer  : Tomcat initialized with port 8085 (http)
2025-07-10T08:34:40.821+05:30  INFO 3904 --- [restartedMain] o.apache.catalina.core.StandardService   : Starting service [Tomcat]
2025-07-10T08:34:40.822+05:30  INFO 3904 --- [restartedMain] o.apache.catalina.core.StandardEngine    : Starting Servlet engine: [Apache Tomcat/10.1.19]
2025-07-10T08:34:40.862+05:30  INFO 3904 --- [restartedMain] o.a.c.c.C.[Tomcat].[localhost].[/]       : Initializing Spring embedded WebApplicationContext
2025-07-10T08:34:40.862+05:30  INFO 3904 --- [restartedMain] w.s.c.ServletWebServerApplicationContext : Root WebApplicationContext: initialization completed in 1425 ms
2025-07-10T08:34:40.994+05:30  INFO 3904 --- [restartedMain] o.hibernate.jpa.internal.util.LogHelper  : HHH000204: Processing PersistenceUnitInfo [name: default]
2025-07-10T08:34:41.030+05:30  INFO 3904 --- [restartedMain] org.hibernate.Version                    : HHH000412: Hibernate ORM core version 6.4.4.Final
2025-07-10T08:34:41.055+05:30  INFO 3904 --- [restartedMain] o.h.c.internal.RegionFactoryInitiator    : HHH000026: Second-level cache disabled
2025-07-10T08:34:41.208+05:30  INFO 3904 --- [restartedMain] o.s.o.j.p.SpringPersistenceUnitInfo      : No LoadTimeWeaver setup: ignoring JPA class transformer
2025-07-10T08:34:41.244+05:30  INFO 3904 --- [restartedMain] com.zaxxer.hikari.HikariDataSource       : HikariPool-1 - Starting...
2025-07-10T08:34:41.440+05:30  INFO 3904 --- [restartedMain] com.zaxxer.hikari.pool.HikariPool        : HikariPool-1 - Added connection ConnectionID:1 ClientConnectionId: dd0012de-7b7a-4965-8f6d-c308c6b6d0d8
2025-07-10T08:34:41.441+05:30  INFO 3904 --- [restartedMain] com.zaxxer.hikari.HikariDataSource       : HikariPool-1 - Start completed.
2025-07-10T08:34:41.460+05:30  WARN 3904 --- [restartedMain] org.hibernate.orm.deprecation            : HHH90000025: SQLServerDialect does not need to be specified explicitly using 'hibernate.dialect' (remove the property setting and it will be selected by default)
2025-07-10T08:34:42.243+05:30  INFO 3904 --- [restartedMain] o.h.e.t.j.p.i.JtaPlatformInitiator       : HHH000489: No JTA platform available (set 'hibernate.transaction.jta.platform' to enable JTA platform integration)
2025-07-10T08:34:42.640+05:30  INFO 3904 --- [restartedMain] j.LocalContainerEntityManagerFactoryBean : Initialized JPA EntityManagerFactory for persistence unit 'default'
2025-07-10T08:34:43.028+05:30  INFO 3904 --- [restartedMain] o.s.d.j.r.query.QueryEnhancerFactory     : Hibernate is in classpath; If applicable, HQL parser will be used.
2025-07-10T08:34:43.215+05:30  INFO 3904 --- [restartedMain] com.olive.service.FileStorageService     : File storage location initialized to: C:\Users\itviv\Desktop\project\oliveTrackingSystemBackend\uploads
2025-07-10T08:34:43.216+05:30  INFO 3904 --- [restartedMain] com.olive.service.FileStorageService     : Created upload directory: C:\Users\itviv\Desktop\project\oliveTrackingSystemBackend\uploads
2025-07-10T08:34:43.421+05:30  WARN 3904 --- [restartedMain] JpaBaseConfiguration$JpaWebConfiguration : spring.jpa.open-in-view is enabled by default. Therefore, database queries may be performed during view rendering. Explicitly configure spring.jpa.open-in-view to disable this warning
2025-07-10T08:34:43.650+05:30  INFO 3904 --- [restartedMain] o.s.s.web.DefaultSecurityFilterChain     : Will secure any request with [org.springframework.security.web.session.DisableEncodeUrlFilter@b52c9e9, org.springframework.security.web.context.request.async.WebAsyncManagerIntegrationFilter@51102427, org.springframework.security.web.context.SecurityContextHolderFilter@4e8a7943, org.springframework.security.web.header.HeaderWriterFilter@78ca6d1d, org.springframework.web.filter.CorsFilter@4588d684, org.springframework.security.web.authentication.logout.LogoutFilter@2ade0fff, com.olive.security.JwtAuthFilter@78a8670b, org.springframework.security.web.savedrequest.RequestCacheAwareFilter@c1a5c4c, org.springframework.security.web.servletapi.SecurityContextHolderAwareRequestFilter@1cc8a3ef, org.springframework.security.web.authentication.AnonymousAuthenticationFilter@609f2eb8, org.springframework.security.web.session.SessionManagementFilter@3ea067a5, org.springframework.security.web.access.ExceptionTranslationFilter@18859167, org.springframework.security.web.access.intercept.AuthorizationFilter@29be64c0]
2025-07-10T08:34:43.894+05:30  INFO 3904 --- [restartedMain] o.s.b.d.a.OptionalLiveReloadServer       : LiveReload server is running on port 35729
2025-07-10T08:34:43.934+05:30  INFO 3904 --- [restartedMain] o.s.b.w.embedded.tomcat.TomcatWebServer  : Tomcat started on port 8085 (http) with context path ''
2025-07-10T08:34:43.942+05:30  INFO 3904 --- [restartedMain] com.olive.TaskmanagerApplication         : Started TaskmanagerApplication in 4.908 seconds (process running for 5.302)
2025-07-10T08:36:30.791+05:30  INFO 3904 --- [http-nio-8085-exec-1] o.a.c.c.C.[Tomcat].[localhost].[/]       : Initializing Spring DispatcherServlet 'dispatcherServlet'
2025-07-10T08:36:30.794+05:30  INFO 3904 --- [http-nio-8085-exec-1] o.s.web.servlet.DispatcherServlet        : Initializing Servlet 'dispatcherServlet'
2025-07-10T08:36:30.797+05:30  INFO 3904 --- [http-nio-8085-exec-1] o.s.web.servlet.DispatcherServlet        : Completed initialization in 2 ms
2025-07-10T08:36:31.068+05:30  INFO 3904 --- [http-nio-8085-exec-1] c.olive.controller.DashboardController   : Received request for dashboard summary.
2025-07-10T08:36:31.218+05:30  INFO 3904 --- [http-nio-8085-exec-1] c.olive.controller.DashboardController   : Returning dashboard summary.
2025-07-10T08:46:07.725+05:30  INFO 3904 --- [http-nio-8085-exec-5] c.olive.controller.DashboardController   : Received request for dashboard summary.
2025-07-10T08:46:07.824+05:30  INFO 3904 --- [http-nio-8085-exec-5] c.olive.controller.DashboardController   : Returning dashboard summary.
2025-07-10T08:46:34.652+05:30  INFO 3904 --- [http-nio-8085-exec-2] com.olive.controller.AuthController      : Received sign-in request for email: kumarraju@olivecrypto.com
2025-07-10T08:46:34.869+05:30  INFO 3904 --- [http-nio-8085-exec-3] c.olive.controller.DashboardController   : Received request for dashboard summary.
2025-07-10T08:46:34.951+05:30  INFO 3904 --- [http-nio-8085-exec-3] c.olive.controller.DashboardController   : Returning dashboard summary.
2025-07-10T08:47:03.433+05:30  INFO 3904 --- [http-nio-8085-exec-4] com.olive.controller.AuthController      : Received sign-in request for email: shabeer@olivecrypto.com
2025-07-10T08:47:03.548+05:30  INFO 3904 --- [http-nio-8085-exec-5] c.olive.controller.DashboardController   : Received request for dashboard summary.
2025-07-10T08:47:03.592+05:30  INFO 3904 --- [http-nio-8085-exec-5] c.olive.controller.DashboardController   : Returning dashboard summary.
2025-07-10T08:47:13.695+05:30  INFO 3904 --- [http-nio-8085-exec-9] c.olive.controller.DashboardController   : Received request for dashboard summary.
2025-07-10T08:47:13.827+05:30  INFO 3904 --- [http-nio-8085-exec-9] c.olive.controller.DashboardController   : Returning dashboard summary.
2025-07-10T08:47:17.250+05:30  INFO 3904 --- [SpringApplicationShutdownHook] j.LocalContainerEntityManagerFactoryBean : Closing JPA EntityManagerFactory for persistence unit 'default'
2025-07-10T08:47:17.265+05:30  INFO 3904 --- [SpringApplicationShutdownHook] com.zaxxer.hikari.HikariDataSource       : HikariPool-1 - Shutdown initiated...
2025-07-10T08:47:17.265+05:30  INFO 3904 --- [SpringApplicationShutdownHook] com.zaxxer.hikari.HikariDataSource       : HikariPool-1 - Shutdown completed.
